C51 COMPILER V9.59.0.0   MAIN                                                              11/17/2018 09:22:01 PAGE 1   


C51 COMPILER V9.59.0.0, COMPILATION OF MODULE MAIN
OBJECT MODULE PLACED IN .\Objects\main.obj
COMPILER INVOKED BY: E:\MDK\C51\BIN\C51.EXE ..\user\main.c OPTIMIZE(8,SPEED) BROWSE INCDIR(..\bsp;..\lib;..\TimeOut;..\u
                    -ser) DEBUG OBJECTEXTEND PRINT(.\Listings\main.lst) OBJECT(.\Objects\main.obj)

line level    source

   1          #include "sc92f732x_c.h"
   2          #include "key.h"
   3          #include "TimeOut.h"
   4          
   5          typedef struct
   6          {
   7              unsigned char Send_Key,Get_Key;
   8          }
   9          APP_PARA_T;
  10          
  11          APP_PARA_T App_Para;
  12          /*****************************************************************************
  13           * Function       : bsp_Timer0Init
  14           * Description   : tim0设置为1ms中断
  15           * Input           : void  
  16           * Output                 : None
  17           * Return                 : 
  18           * Others                 : 
  19           * Record
  20           * 1.Date                 : 20180414
  21           *   Author       : marco
  22           *   Modification: Created function
  23          
  24          *****************************************************************************/
  25          void Bsp_Timer0Init(void){ 
  26   1              TMCON = 0x00;           
  27   1              TMOD = 0x11;    
  28   1              TL0 = (65536 - 124)%256;    
  29   1              TH0 = (65536 - 124)/256;
  30   1              TR0 = 0;
  31   1              ET0 = 1;//定时器0允许
  32   1              TR0 = 1;//打开定时器0
  33   1      }
  34          
  35          void Key_Handle(unsigned char key)
  36          {
  37   1          App_Para.Get_Key = key;
  38   1          if(App_Para.Get_Key == MSG_KEY2_LONGPRESS)
  39   1          {
  40   2              App_Para.Send_Key = 0x01;
  41   2          }
  42   1          else if(App_Para.Get_Key == MSG_KEY2_SHORT_PRESS)
  43   1          {
  44   2              App_Para.Send_Key = 0x02;
  45   2          }
  46   1          else if(App_Para.Get_Key == MSG_KEY3_SHORT_PRESS)
  47   1          {
  48   2              App_Para.Send_Key = 0x04;
  49   2          }
  50   1          else if(App_Para.Get_Key == MSG_KEY4_SHORT_PRESS)
  51   1          {
  52   2              App_Para.Send_Key = 0x08;
  53   2          }
  54   1          else if(App_Para.Get_Key == MSG_KEY5_SHORT_PRESS)
C51 COMPILER V9.59.0.0   MAIN                                                              11/17/2018 09:22:01 PAGE 2   

  55   1          {
  56   2              App_Para.Send_Key = 0x10;
  57   2          }
  58   1          else if(App_Para.Get_Key == MSG_KEY6_SHORT_PRESS)
  59   1          {
  60   2              App_Para.Send_Key = 0x20;
  61   2          }
  62   1          else if(App_Para.Get_Key == MSG_KEY7_SHORT_PRESS) 
  63   1          {
  64   2              App_Para.Send_Key = 0x40;
  65   2          }
  66   1          else if(App_Para.Get_Key == MSG_KEY_NONE)
  67   1          {
  68   2              App_Para.Send_Key = 0x00;
  69   2          }
  70   1      }
  71          
  72          
  73          
  74          void main(void)
  75          {
  76   1          P1CON |= 0XFF;
  77   1          P1PH  &= ~0XFF;
  78   1          TimeOutDet_Init();
  79   1          Bsp_Timer0Init();
  80   1          Key_Init();
  81   1          Key_Register(Key_Handle);
  82   1          WDTCON |= 0X10;
  83   1          EA = 1;
  84   1          while(1)
  85   1          {
  86   2              WDTCON |= 0X10;
  87   2              P1 &= ~0XFF;
  88   2              Key_Poll();
  89   2              if(App_Para.Send_Key == 0x01)
  90   2              {
  91   3                  P1 |= 0XFF;
  92   3              }
  93   2          } 
  94   1      }
  95          
  96          /*****************************************************************************
  97           * Function       : Timer0IqrHandle
  98           * Description   : tim0 中断处理
  99           * Input                  : None
 100           * Output                 : None
 101           * Return                 : 
 102           * Others                 : 
 103           * Record
 104           * 1.Date                 : 20180425
 105           *   Author       : marco
 106           *   Modification: Created function
 107          
 108          *****************************************************************************/
 109          void Timer0IqrHandle() interrupt 1{
 110   1              //static unsigned int base_time = 0;
 111   1              TL0 = (65536 - 120)%256;   
 112   1              TH0 = (65536 - 120)/256;
 113   1      
 114   1              TimeOutDet_DecHandle();
 115   1          #if 0
                      if(base_time ++ >= 8000){
C51 COMPILER V9.59.0.0   MAIN                                                              11/17/2018 09:22:01 PAGE 3   

                              base_time = 0;
                              if(App_Para.LightAutoClsFlag){
                                      if(App_Para.LightAutoClsCnt ++ > LIGHT_AUTO_CLOSE_TIME){
                                              App_Para.LightAutoClsFlag = False;
                                      }
                              }
                              if(App_Para.HeatAutoClsFlag){
                                      if(App_Para.HeatAutoClsCnt ++ > HEAT_AUTO_CLOSE_TIME){
                                              App_Para.HeatAutoClsFlag = False;
                                      }
                              }
                      }
                  #endif
 130   1      }


MODULE INFORMATION:   STATIC OVERLAYABLE
   CODE SIZE        =    213    ----
   CONSTANT SIZE    =   ----    ----
   XDATA SIZE       =   ----    ----
   PDATA SIZE       =   ----    ----
   DATA SIZE        =      2    ----
   IDATA SIZE       =   ----    ----
   BIT SIZE         =   ----    ----
END OF MODULE INFORMATION.


C51 COMPILATION COMPLETE.  0 WARNING(S),  0 ERROR(S)
